<?xml version="1.0" encoding="UTF-8"?>
<testng-results ignored="0" total="1" passed="1" failed="0" skipped="0">
  <reporter-output>
  </reporter-output>
  <suite started-at="2025-05-24T17:42:19 IST" name="Default suite" finished-at="2025-05-24T17:46:41 IST" duration-ms="262362">
    <groups>
      <group name="cucumber">
        <method signature="AbstractTestNGCucumberTests.runScenario(io.cucumber.testng.PickleWrapper,io.cucumber.testng.FeatureWrapper)[pri:0, instance:com.booksWagon.runners.TestRunner@496bc455]" name="runScenario" class="io.cucumber.testng.AbstractTestNGCucumberTests"/>
      </group> <!-- cucumber -->
    </groups>
    <test started-at="2025-05-24T17:42:19 IST" name="Default test" finished-at="2025-05-24T17:46:41 IST" duration-ms="262362">
      <class name="com.booksWagon.runners.TestRunner">
        <test-method is-config="true" signature="setUpClass()[pri:0, instance:com.booksWagon.runners.TestRunner@496bc455]" started-at="2025-05-24T17:42:19 IST" name="setUpClass" finished-at="2025-05-24T17:42:19 IST" duration-ms="285" status="PASS">
          <reporter-output>
          </reporter-output>
        </test-method> <!-- setUpClass -->
        <test-method signature="runScenario(io.cucumber.testng.PickleWrapper,io.cucumber.testng.FeatureWrapper)[pri:0, instance:com.booksWagon.runners.TestRunner@496bc455]" started-at="2025-05-24T17:42:19 IST" name="runScenario" description="Runs Cucumber Scenarios" data-provider="scenarios" finished-at="2025-05-24T17:46:41 IST" duration-ms="261978" status="PASS">
          <params>
            <param index="0">
              <value>
                <![CDATA["Trying to update personal settings using valid test case"]]>
              </value>
            </param>
            <param index="1">
              <value>
                <![CDATA["Optional[Check if the personal settings working correctly]"]]>
              </value>
            </param>
          </params>
          <reporter-output>
          </reporter-output>
        </test-method> <!-- runScenario -->
        <test-method is-config="true" signature="tearDownClass()[pri:0, instance:com.booksWagon.runners.TestRunner@496bc455]" started-at="2025-05-24T17:46:41 IST" name="tearDownClass" finished-at="2025-05-24T17:46:41 IST" duration-ms="30" status="PASS">
          <reporter-output>
          </reporter-output>
        </test-method> <!-- tearDownClass -->
      </class> <!-- com.booksWagon.runners.TestRunner -->
    </test> <!-- Default test -->
  </suite> <!-- Default suite -->
</testng-results>
